mode: set
goMovieManagement/main.go:14.62,18.2 2 0
goMovieManagement/main.go:20.64,23.31 3 0
goMovieManagement/main.go:23.31,24.22 1 0
goMovieManagement/main.go:24.22,26.4 1 0
goMovieManagement/main.go:31.62,34.35 3 0
goMovieManagement/main.go:34.35,35.22 1 0
goMovieManagement/main.go:35.22,38.4 1 0
goMovieManagement/main.go:43.62,47.16 4 0
goMovieManagement/main.go:52.2,52.35 1 0
goMovieManagement/main.go:65.2,66.8 2 0
goMovieManagement/main.go:47.16,50.3 2 0
goMovieManagement/main.go:52.35,53.27 1 0
goMovieManagement/main.go:53.27,62.4 7 0
goMovieManagement/main.go:79.55,82.2 2 0
goMovieManagement/main.go:84.58,93.16 4 1
goMovieManagement/main.go:99.2,104.34 2 1
goMovieManagement/main.go:93.16,98.3 3 0
goMovieManagement/main.go:107.23,117.2 8 0
goMovieManagement/main.go:119.13,134.2 2 0
